<?xml version="1.0" encoding="UTF-8"?>
<coverage generated="1589553324898" clover="3.2.0">
  <project timestamp="1589553324898" name="All files">
    <metrics statements="25" coveredstatements="14" conditionals="6" coveredconditionals="4" methods="1" coveredmethods="1" elements="32" coveredelements="19" complexity="0" loc="25" ncloc="25" packages="1" files="1" classes="1"/>
    <file name="validateURL.js" path="C:\Users\manik\web-dev\fend-refresh-2019\fend-refresh-2019\projects\manik-evaluate-news-nlp\src\client\js\validateURL.js">
      <metrics statements="25" coveredstatements="14" conditionals="6" coveredconditionals="4" methods="1" coveredmethods="1"/>
      <line num="3" count="3" type="stmt"/>
      <line num="4" count="3" type="cond" truecount="1" falsecount="1"/>
      <line num="5" count="0" type="stmt"/>
      <line num="6" count="0" type="stmt"/>
      <line num="8" count="0" type="stmt"/>
      <line num="9" count="0" type="stmt"/>
      <line num="10" count="0" type="stmt"/>
      <line num="12" count="3" type="stmt"/>
      <line num="13" count="3" type="stmt"/>
      <line num="15" count="3" type="cond" truecount="2" falsecount="0"/>
      <line num="16" count="1" type="stmt"/>
      <line num="17" count="1" type="stmt"/>
      <line num="19" count="1" type="stmt"/>
      <line num="20" count="1" type="stmt"/>
      <line num="21" count="0" type="stmt"/>
      <line num="23" count="2" type="stmt"/>
      <line num="26" count="2" type="stmt"/>
      <line num="27" count="2" type="cond" truecount="1" falsecount="1"/>
      <line num="28" count="0" type="stmt"/>
      <line num="29" count="0" type="stmt"/>
      <line num="31" count="0" type="stmt"/>
      <line num="32" count="0" type="stmt"/>
      <line num="33" count="0" type="stmt"/>
      <line num="35" count="2" type="stmt"/>
      <line num="38" count="2" type="stmt"/>
    </file>
  </project>
</coverage>
