{"C:\\Users\\manik\\web-dev\\fend-refresh-2019\\fend-refresh-2019\\projects\\manik-evaluate-news-nlp\\src\\client\\js\\validateURL.js": {"path":"C:\\Users\\manik\\web-dev\\fend-refresh-2019\\fend-refresh-2019\\projects\\manik-evaluate-news-nlp\\src\\client\\js\\validateURL.js","statementMap":{"0":{"start":{"line":3,"column":2},"end":{"line":3,"column":19}},"1":{"start":{"line":4,"column":2},"end":{"line":11,"column":3}},"2":{"start":{"line":5,"column":23},"end":{"line":5,"column":51}},"3":{"start":{"line":6,"column":4},"end":{"line":7,"column":60}},"4":{"start":{"line":8,"column":31},"end":{"line":8,"column":70}},"5":{"start":{"line":9,"column":4},"end":{"line":9,"column":47}},"6":{"start":{"line":10,"column":4},"end":{"line":10,"column":17}},"7":{"start":{"line":12,"column":17},"end":{"line":12,"column":43}},"8":{"start":{"line":13,"column":16},"end":{"line":13,"column":21}},"9":{"start":{"line":15,"column":2},"end":{"line":24,"column":3}},"10":{"start":{"line":16,"column":23},"end":{"line":16,"column":51}},"11":{"start":{"line":17,"column":4},"end":{"line":18,"column":77}},"12":{"start":{"line":19,"column":31},"end":{"line":19,"column":70}},"13":{"start":{"line":20,"column":4},"end":{"line":20,"column":47}},"14":{"start":{"line":21,"column":4},"end":{"line":21,"column":19}},"15":{"start":{"line":23,"column":4},"end":{"line":23,"column":19}},"16":{"start":{"line":26,"column":15},"end":{"line":26,"column":31}},"17":{"start":{"line":27,"column":2},"end":{"line":36,"column":3}},"18":{"start":{"line":28,"column":23},"end":{"line":28,"column":51}},"19":{"start":{"line":29,"column":4},"end":{"line":30,"column":64}},"20":{"start":{"line":31,"column":31},"end":{"line":31,"column":70}},"21":{"start":{"line":32,"column":4},"end":{"line":32,"column":47}},"22":{"start":{"line":33,"column":4},"end":{"line":33,"column":20}},"23":{"start":{"line":35,"column":4},"end":{"line":35,"column":19}},"24":{"start":{"line":38,"column":2},"end":{"line":38,"column":17}}},"fnMap":{"0":{"name":"validateURL","decl":{"start":{"line":2,"column":9},"end":{"line":2,"column":20}},"loc":{"start":{"line":2,"column":26},"end":{"line":39,"column":1}},"line":2}},"branchMap":{"0":{"loc":{"start":{"line":4,"column":2},"end":{"line":11,"column":3}},"type":"if","locations":[{"start":{"line":4,"column":2},"end":{"line":11,"column":3}},{"start":{"line":4,"column":2},"end":{"line":11,"column":3}}],"line":4},"1":{"loc":{"start":{"line":15,"column":2},"end":{"line":24,"column":3}},"type":"if","locations":[{"start":{"line":15,"column":2},"end":{"line":24,"column":3}},{"start":{"line":15,"column":2},"end":{"line":24,"column":3}}],"line":15},"2":{"loc":{"start":{"line":27,"column":2},"end":{"line":36,"column":3}},"type":"if","locations":[{"start":{"line":27,"column":2},"end":{"line":36,"column":3}},{"start":{"line":27,"column":2},"end":{"line":36,"column":3}}],"line":27}},"s":{"0":3,"1":3,"2":0,"3":0,"4":0,"5":0,"6":0,"7":3,"8":3,"9":3,"10":1,"11":1,"12":1,"13":1,"14":0,"15":2,"16":2,"17":2,"18":0,"19":0,"20":0,"21":0,"22":0,"23":2,"24":2},"f":{"0":3},"b":{"0":[0,3],"1":[1,2],"2":[0,2]},"_coverageSchema":"1a1c01bbd47fc00a2c39e90264f33305004495a9","hash":"9c7ca58c4549626e1d33550c0870f31758b31d37"}
}
