{"C:\\Users\\manik\\web-dev\\fend-refresh-2019\\fend-refresh-2019\\projects\\manik-fend-capstone\\src\\client\\js\\countDown.js": {"path":"C:\\Users\\manik\\web-dev\\fend-refresh-2019\\fend-refresh-2019\\projects\\manik-fend-capstone\\src\\client\\js\\countDown.js","statementMap":{"0":{"start":{"line":2,"column":14},"end":{"line":2,"column":24}},"1":{"start":{"line":3,"column":11},"end":{"line":3,"column":51}},"2":{"start":{"line":4,"column":11},"end":{"line":4,"column":56}},"3":{"start":{"line":5,"column":13},"end":{"line":5,"column":32}},"4":{"start":{"line":7,"column":2},"end":{"line":7,"column":37}},"5":{"start":{"line":9,"column":2},"end":{"line":9,"column":38}},"6":{"start":{"line":10,"column":2},"end":{"line":10,"column":38}},"7":{"start":{"line":12,"column":4},"end":{"line":12,"column":66}},"8":{"start":{"line":13,"column":2},"end":{"line":13,"column":53}},"9":{"start":{"line":15,"column":2},"end":{"line":21,"column":3}},"10":{"start":{"line":16,"column":36},"end":{"line":16,"column":75}},"11":{"start":{"line":17,"column":25},"end":{"line":17,"column":53}},"12":{"start":{"line":18,"column":4},"end":{"line":18,"column":69}},"13":{"start":{"line":19,"column":4},"end":{"line":19,"column":54}},"14":{"start":{"line":20,"column":4},"end":{"line":20,"column":17}},"15":{"start":{"line":22,"column":22},"end":{"line":22,"column":50}},"16":{"start":{"line":23,"column":2},"end":{"line":25,"column":3}},"17":{"start":{"line":24,"column":4},"end":{"line":24,"column":63}},"18":{"start":{"line":26,"column":2},"end":{"line":28,"column":3}},"19":{"start":{"line":27,"column":4},"end":{"line":27,"column":64}},"20":{"start":{"line":29,"column":18},"end":{"line":29,"column":53}},"21":{"start":{"line":30,"column":2},"end":{"line":30,"column":35}},"22":{"start":{"line":31,"column":2},"end":{"line":31,"column":14}}},"fnMap":{"0":{"name":"countDown","decl":{"start":{"line":1,"column":16},"end":{"line":1,"column":25}},"loc":{"start":{"line":1,"column":38},"end":{"line":32,"column":1}},"line":1}},"branchMap":{"0":{"loc":{"start":{"line":15,"column":2},"end":{"line":21,"column":3}},"type":"if","locations":[{"start":{"line":15,"column":2},"end":{"line":21,"column":3}},{"start":{"line":15,"column":2},"end":{"line":21,"column":3}}],"line":15},"1":{"loc":{"start":{"line":23,"column":2},"end":{"line":25,"column":3}},"type":"if","locations":[{"start":{"line":23,"column":2},"end":{"line":25,"column":3}},{"start":{"line":23,"column":2},"end":{"line":25,"column":3}}],"line":23},"2":{"loc":{"start":{"line":26,"column":2},"end":{"line":28,"column":3}},"type":"if","locations":[{"start":{"line":26,"column":2},"end":{"line":28,"column":3}},{"start":{"line":26,"column":2},"end":{"line":28,"column":3}}],"line":26}},"s":{"0":5,"1":5,"2":5,"3":5,"4":5,"5":5,"6":5,"7":5,"8":5,"9":5,"10":2,"11":2,"12":2,"13":2,"14":2,"15":3,"16":3,"17":0,"18":3,"19":3,"20":3,"21":3,"22":3},"f":{"0":5},"b":{"0":[2,3],"1":[0,3],"2":[3,0]},"_coverageSchema":"1a1c01bbd47fc00a2c39e90264f33305004495a9","hash":"0a4f45959d734b6935cc43efef4fda41d6b5700f"}
,"C:\\Users\\manik\\web-dev\\fend-refresh-2019\\fend-refresh-2019\\projects\\manik-fend-capstone\\src\\server\\index.js": {"path":"C:\\Users\\manik\\web-dev\\fend-refresh-2019\\fend-refresh-2019\\projects\\manik-fend-capstone\\src\\server\\index.js","statementMap":{"0":{"start":{"line":2,"column":15},"end":{"line":2,"column":32}},"1":{"start":{"line":3,"column":0},"end":{"line":3,"column":16}},"2":{"start":{"line":5,"column":13},"end":{"line":5,"column":28}},"3":{"start":{"line":6,"column":16},"end":{"line":6,"column":34}},"4":{"start":{"line":7,"column":13},"end":{"line":7,"column":28}},"5":{"start":{"line":8,"column":14},"end":{"line":8,"column":35}},"6":{"start":{"line":9,"column":16},"end":{"line":9,"column":34}},"7":{"start":{"line":11,"column":12},"end":{"line":11,"column":21}},"8":{"start":{"line":13,"column":19},"end":{"line":13,"column":41}},"9":{"start":{"line":14,"column":0},"end":{"line":14,"column":27}},"10":{"start":{"line":15,"column":0},"end":{"line":19,"column":2}},"11":{"start":{"line":21,"column":0},"end":{"line":24,"column":3}},"12":{"start":{"line":22,"column":2},"end":{"line":22,"column":49}},"13":{"start":{"line":23,"column":2},"end":{"line":23,"column":9}},"14":{"start":{"line":26,"column":0},"end":{"line":26,"column":32}},"15":{"start":{"line":28,"column":0},"end":{"line":28,"column":23}},"16":{"start":{"line":30,"column":0},"end":{"line":33,"column":3}},"17":{"start":{"line":32,"column":2},"end":{"line":32,"column":34}},"18":{"start":{"line":35,"column":0},"end":{"line":35,"column":21}},"19":{"start":{"line":38,"column":0},"end":{"line":40,"column":3}},"20":{"start":{"line":39,"column":2},"end":{"line":39,"column":53}},"21":{"start":{"line":43,"column":14},"end":{"line":43,"column":16}},"22":{"start":{"line":44,"column":15},"end":{"line":44,"column":17}},"23":{"start":{"line":47,"column":0},"end":{"line":47,"column":40}},"24":{"start":{"line":51,"column":2},"end":{"line":51,"column":21}},"25":{"start":{"line":52,"column":2},"end":{"line":52,"column":23}},"26":{"start":{"line":53,"column":2},"end":{"line":53,"column":20}},"27":{"start":{"line":56,"column":0},"end":{"line":58,"column":3}},"28":{"start":{"line":57,"column":2},"end":{"line":57,"column":33}}},"fnMap":{"0":{"name":"(anonymous_0)","decl":{"start":{"line":21,"column":8},"end":{"line":21,"column":9}},"loc":{"start":{"line":21,"column":28},"end":{"line":24,"column":1}},"line":21},"1":{"name":"(anonymous_1)","decl":{"start":{"line":30,"column":13},"end":{"line":30,"column":14}},"loc":{"start":{"line":30,"column":33},"end":{"line":33,"column":1}},"line":30},"2":{"name":"(anonymous_2)","decl":{"start":{"line":38,"column":17},"end":{"line":38,"column":18}},"loc":{"start":{"line":38,"column":29},"end":{"line":40,"column":1}},"line":38},"3":{"name":"postCityDate","decl":{"start":{"line":49,"column":9},"end":{"line":49,"column":21}},"loc":{"start":{"line":49,"column":32},"end":{"line":54,"column":1}},"line":49},"4":{"name":"(anonymous_4)","decl":{"start":{"line":56,"column":23},"end":{"line":56,"column":24}},"loc":{"start":{"line":56,"column":37},"end":{"line":58,"column":1}},"line":56}},"branchMap":{},"s":{"0":1,"1":1,"2":1,"3":1,"4":1,"5":1,"6":1,"7":1,"8":1,"9":1,"10":1,"11":1,"12":1,"13":1,"14":1,"15":1,"16":1,"17":0,"18":1,"19":1,"20":1,"21":1,"22":1,"23":1,"24":0,"25":0,"26":0,"27":1,"28":1},"f":{"0":1,"1":0,"2":1,"3":0,"4":1},"b":{},"_coverageSchema":"1a1c01bbd47fc00a2c39e90264f33305004495a9","hash":"66418a713814ddb3b309b71f5cfcf72ea3430d11"}
}
