TN:
SF:src\client\js\countDown.js
FN:1,countDown
FNF:1
FNH:1
FNDA:5,countDown
DA:2,5
DA:3,5
DA:4,5
DA:5,5
DA:7,5
DA:9,5
DA:10,5
DA:12,5
DA:13,5
DA:15,5
DA:16,2
DA:17,2
DA:18,2
DA:19,2
DA:20,2
DA:22,3
DA:23,3
DA:24,0
DA:26,3
DA:27,3
DA:29,3
DA:30,3
DA:31,3
LF:23
LH:22
BRDA:15,0,0,2
BRDA:15,0,1,3
BRDA:23,1,0,0
BRDA:23,1,1,3
BRDA:26,2,0,3
BRDA:26,2,1,0
BRF:6
BRH:4
end_of_record
TN:
SF:src\server\index.js
FN:21,(anonymous_0)
FN:30,(anonymous_1)
FN:38,(anonymous_2)
FN:49,postCityDate
FN:56,(anonymous_4)
FNF:5
FNH:3
FNDA:1,(anonymous_0)
FNDA:0,(anonymous_1)
FNDA:1,(anonymous_2)
FNDA:0,postCityDate
FNDA:1,(anonymous_4)
DA:2,1
DA:3,1
DA:5,1
DA:6,1
DA:7,1
DA:8,1
DA:9,1
DA:11,1
DA:13,1
DA:14,1
DA:15,1
DA:21,1
DA:22,1
DA:23,1
DA:26,1
DA:28,1
DA:30,1
DA:32,0
DA:35,1
DA:38,1
DA:39,1
DA:43,1
DA:44,1
DA:47,1
DA:51,0
DA:52,0
DA:53,0
DA:56,1
DA:57,1
LF:29
LH:25
BRF:0
BRH:0
end_of_record
